#! /usr/share/iverilog-0.9.7/bin/vvp
:ivl_version "0.9.7 " "(v0_9_6)";
:vpi_time_precision + 0;
:vpi_module "system";
:vpi_module "v2005_math";
:vpi_module "va_math";
S_0x11f4750 .scope module, "tb_counter" "tb_counter" 2 3;
 .timescale 0 0;
v0x12075f0_0 .var "clk", 0 0;
v0x1207690_0 .net "count_1", 3 0, v0x1207460_0; 1 drivers
v0x1207740_0 .net "count_10", 1 0, v0x12072e0_0; 1 drivers
v0x12077f0_0 .var "reset", 0 0;
E_0x11e13a0 .event posedge, v0x11f4930_0;
S_0x11f4840 .scope module, "mod12_counter" "mod_m_counter" 2 9, 3 2, S_0x11f4750;
 .timescale 0 0;
v0x11f4930_0 .net "clk", 0 0, v0x12075f0_0; 1 drivers
v0x12070f0_0 .alias "count_1", 3 0, v0x1207690_0;
v0x1207190_0 .alias "count_10", 1 0, v0x1207740_0;
v0x1207230_0 .var "l_next", 1 0;
v0x12072e0_0 .var "l_reg", 1 0;
v0x1207380_0 .var "r_next", 3 0;
v0x1207460_0 .var "r_reg", 3 0;
v0x1207500_0 .net "reset", 0 0, v0x12077f0_0; 1 drivers
E_0x11ceac0 .event edge, v0x1207460_0, v0x12072e0_0;
E_0x11ce740 .event posedge, v0x1207500_0, v0x11f4930_0;
    .scope S_0x11f4840;
T_0 ;
    %wait E_0x11ce740;
    %load/v 8, v0x1207500_0, 1;
    %jmp/0xz  T_0.0, 8;
    %ix/load 0, 4, 0;
    %assign/v0 v0x1207460_0, 0, 0;
    %ix/load 0, 2, 0;
    %assign/v0 v0x12072e0_0, 0, 0;
    %jmp T_0.1;
T_0.0 ;
    %load/v 8, v0x1207380_0, 4;
    %ix/load 0, 4, 0;
    %assign/v0 v0x1207460_0, 0, 8;
    %load/v 8, v0x1207230_0, 2;
    %ix/load 0, 2, 0;
    %assign/v0 v0x12072e0_0, 0, 8;
T_0.1 ;
    %jmp T_0;
    .thread T_0;
    .scope S_0x11f4840;
T_1 ;
    %wait E_0x11ceac0;
    %load/v 8, v0x1207460_0, 4;
    %mov 12, 0, 2;
    %cmpi/u 8, 9, 6;
    %jmp/0xz  T_1.0, 4;
    %set/v v0x1207380_0, 0, 4;
    %load/v 8, v0x12072e0_0, 2;
    %mov 10, 0, 30;
    %addi 8, 1, 32;
    %set/v v0x1207230_0, 8, 2;
    %jmp T_1.1;
T_1.0 ;
    %load/v 8, v0x1207460_0, 4;
    %mov 12, 0, 1;
    %cmpi/u 8, 3, 5;
    %mov 8, 4, 1;
    %load/v 9, v0x12072e0_0, 2;
    %mov 11, 0, 2;
    %cmpi/u 9, 2, 4;
    %mov 9, 4, 1;
    %and 8, 9, 1;
    %jmp/0xz  T_1.2, 8;
    %set/v v0x1207380_0, 0, 4;
    %set/v v0x1207230_0, 0, 2;
    %jmp T_1.3;
T_1.2 ;
    %load/v 8, v0x1207460_0, 4;
    %mov 12, 0, 28;
    %addi 8, 1, 32;
    %set/v v0x1207380_0, 8, 4;
    %load/v 8, v0x12072e0_0, 2;
    %set/v v0x1207230_0, 8, 2;
T_1.3 ;
T_1.1 ;
    %jmp T_1;
    .thread T_1, $push;
    .scope S_0x11f4750;
T_2 ;
    %vpi_call 2 12 "$dumpfile", "dump.vcd";
    %vpi_call 2 13 "$dumpvars", 2'sb01, S_0x11f4750;
    %delay 150, 0;
    %vpi_call 2 15 "$finish";
    %end;
    .thread T_2;
    .scope S_0x11f4750;
T_3 ;
    %set/v v0x12075f0_0, 0, 1;
    %set/v v0x12077f0_0, 1, 1;
    %delay 3, 0;
    %set/v v0x12077f0_0, 0, 1;
    %end;
    .thread T_3;
    .scope S_0x11f4750;
T_4 ;
    %delay 1, 0;
    %load/v 8, v0x12075f0_0, 1;
    %inv 8, 1;
    %set/v v0x12075f0_0, 8, 1;
    %jmp T_4;
    .thread T_4;
    .scope S_0x11f4750;
T_5 ;
    %wait E_0x11e13a0;
    %vpi_call 2 30 "$strobe", "time=%t, BCD_24_mod =%d%d", $time, v0x1207740_0, v0x1207690_0;
    %jmp T_5;
    .thread T_5;
# The file index is used to find the file name in the following table.
:file_names 4;
    "N/A";
    "<interactive>";
    "testbench.sv";
    "design.sv";
